* using log directory ‘/Users/adriencastex/Documents/Adrien/Cours/Projet R/temp/naive_bayes_r/PNaiveBayes.Rcheck’
* using R version 4.3.2 (2023-10-31)
* using platform: x86_64-apple-darwin20 (64-bit)
* R was compiled by
    Apple clang version 14.0.0 (clang-1400.0.29.202)
    GNU Fortran (GCC) 12.2.0
* running under: macOS Monterey 12.7.1
* using session charset: UTF-8
* using options ‘--no-manual --as-cran’
* checking for file ‘PNaiveBayes/DESCRIPTION’ ... OK
* checking extension type ... Package
* this is package ‘PNaiveBayes’ version ‘0.1.0’
* package encoding: UTF-8
* checking package namespace information ... OK
* checking package dependencies ... OK
* checking if this is a source package ... OK
* checking if there is a namespace ... OK
* checking for executable files ... OK
* checking for hidden files and directories ... OK
* checking for portable file names ... OK
* checking for sufficient/correct file permissions ... OK
* checking serialization versions ... OK
* checking whether package ‘PNaiveBayes’ can be installed ... OK
* checking installed package size ... OK
* checking package directory ... OK
* checking for future file timestamps ... OK
* checking DESCRIPTION meta-information ... WARNING
Non-standard license specification:
  GNU
Standardizable: FALSE
* checking top-level files ... OK
* checking for left-over files ... OK
* checking index information ... OK
* checking package subdirectories ... OK
* checking R files for non-ASCII characters ... WARNING
Found the following file with non-ASCII characters:
  SNaiveBayes.R
Portable packages must use only ASCII characters in their R code,
except perhaps in comments.
Use \uxxxx escapes for other characters.
* checking R files for syntax errors ... OK
* checking whether the package can be loaded ... OK
* checking whether the package can be loaded with stated dependencies ... OK
* checking whether the package can be unloaded cleanly ... OK
* checking whether the namespace can be loaded with stated dependencies ... OK
* checking whether the namespace can be unloaded cleanly ... OK
* checking loading without being on the library search path ... OK
* checking dependencies in R code ... OK
* checking S3 generic/method consistency ... OK
* checking replacement functions ... OK
* checking foreign function calls ... OK
* checking R code for possible problems ... NOTE
Found if() conditions comparing class() to string:
File ‘PNaiveBayes/R/SNaiveBayes.R’: if (class(X) == "numeric") ...
File ‘PNaiveBayes/R/SNaiveBayes.R’: if (class(X) == "numeric") ...
Use inherits() (or maybe is()) instead.
* checking Rd files ... OK
* checking Rd metadata ... OK
* checking Rd line widths ... OK
* checking Rd cross-references ... OK
* checking for missing documentation entries ... WARNING
Undocumented code objects:
  ‘NaiveBayes’
All user-level objects in a package should have documentation entries.
See chapter ‘Writing R documentation files’ in the ‘Writing R
Extensions’ manual.
* checking for code/documentation mismatches ... OK
* checking Rd \usage sections ... OK
* checking Rd contents ... OK
* checking for unstated dependencies in examples ... OK
* checking examples ... OK
* checking for non-standard things in the check directory ... OK
* checking for detritus in the temp directory ... OK
* DONE
Status: 3 WARNINGs, 1 NOTE
